-- This file contains the sql queries plus their output, but we set the filetype to sql for better syntax highlighting
-- vim: set filetype=sql:

-- This is a fully working example script that shows how to use pgledger
--
-- Note that it uses `\gset` to store sql responses as variables. For example,
-- `\gset foo_` creates variables for each column in the response like
-- `foo_col1`, `foo_col2`, etc. These variables can then be used like
-- `:'foo1_col`.
-- The entire script can be passed to psql. If you are running postgres via the
-- pgledger docker compose, you can run this script with:
--
--   cat basic-example.sql | \
--     docker compose exec --no-TTY postgres psql -U pgledger --echo-queries --no-psqlrc
--
-- We're going to simulate a simple payment flow. First, we create our accounts:
SELECT id FROM pgledger_create_account('user1.external', 'USD') \gset user1_external_
SELECT id FROM pgledger_create_account('user1.receivables', 'USD') \gset user1_receivables_
SELECT id FROM pgledger_create_account('user1.available', 'USD') \gset user1_available_
SELECT id FROM pgledger_create_account('user1.pending_outbound', 'USD') \gset user1_pending_outbound_
-- We can query an account to see what it looks like at the beginning.
SELECT * FROM pgledger_accounts_view
WHERE id =:'user1_external_id';
               id                |      name      | currency | balance | version | allow_negative_balance | allow_positive_balance |          created_at           |          updated_at           
---------------------------------+----------------+----------+---------+---------+------------------------+------------------------+-------------------------------+-------------------------------
 pgla_01K89CXFHGED5R6VMYPJNTWCPR | user1.external | USD      |       0 |       0 | t                      | t                      | 2025-10-23 20:42:10.351058+00 | 2025-10-23 20:42:10.351058+00
(1 row)

-- The first step in the flow is a $50 payment is created and we are waiting for funds to arrive:
SELECT * FROM pgledger_create_transfer(:'user1_external_id',:'user1_receivables_id', 50.00);
               id                |         from_account_id         |          to_account_id          | amount |          created_at           |           event_at            
---------------------------------+---------------------------------+---------------------------------+--------+-------------------------------+-------------------------------
 pglt_01K89CXFHKERH8EZZ9T4HP1SMW | pgla_01K89CXFHGED5R6VMYPJNTWCPR | pgla_01K89CXFHHEVKSCK7HM4J11PWM |  50.00 | 2025-10-23 20:42:10.354472+00 | 2025-10-23 20:42:10.354472+00
(1 row)

-- Next, the funds arrive in our account, so we remove them from receivables and make them available:
SELECT * FROM pgledger_create_transfer(:'user1_receivables_id',:'user1_available_id', 50.00);
               id                |         from_account_id         |          to_account_id          | amount |          created_at           |           event_at            
---------------------------------+---------------------------------+---------------------------------+--------+-------------------------------+-------------------------------
 pglt_01K89CXFHMEQEVYR1FX252Q22H | pgla_01K89CXFHHEVKSCK7HM4J11PWM | pgla_01K89CXFHHFH08JK85NP4ER120 |  50.00 | 2025-10-23 20:42:10.356216+00 | 2025-10-23 20:42:10.356216+00
(1 row)

-- Now, we can query the accounts and see the balances. We aren't waiting on
-- any more funds, so the receivables balance is 0:
SELECT balance FROM pgledger_accounts_view
WHERE id =:'user1_receivables_id';
 balance 
---------
    0.00
(1 row)

-- And we can see the entries for the receivables account:
SELECT * FROM pgledger_entries_view
WHERE account_id =:'user1_receivables_id'
ORDER BY account_version;
               id                |           account_id            |           transfer_id           | amount | account_previous_balance | account_current_balance | account_version |          created_at           |           event_at            
---------------------------------+---------------------------------+---------------------------------+--------+--------------------------+-------------------------+-----------------+-------------------------------+-------------------------------
 pgle_01K89CXFHKFTJVV1TCCXCZ3T25 | pgla_01K89CXFHHEVKSCK7HM4J11PWM | pglt_01K89CXFHKERH8EZZ9T4HP1SMW |  50.00 |                     0.00 |                   50.00 |               1 | 2025-10-23 20:42:10.354472+00 | 2025-10-23 20:42:10.354472+00
 pgle_01K89CXFHMEX3AVA53KBC8WRMK | pgla_01K89CXFHHEVKSCK7HM4J11PWM | pglt_01K89CXFHMEQEVYR1FX252Q22H | -50.00 |                    50.00 |                    0.00 |               2 | 2025-10-23 20:42:10.356216+00 | 2025-10-23 20:42:10.356216+00
(2 rows)

-- Continuing the example, let's issue a partial refund of the payment. When we
-- issue the refund, we move the money into the pending_outbound account to
-- hold it until we get confirmation that it was sent
SELECT * FROM pgledger_create_transfer(:'user1_available_id',:'user1_pending_outbound_id', 20.00);
               id                |         from_account_id         |          to_account_id          | amount |          created_at          |           event_at           
---------------------------------+---------------------------------+---------------------------------+--------+------------------------------+------------------------------
 pglt_01K89CXFHNENMVR57ZYWQPRK5A | pgla_01K89CXFHHFH08JK85NP4ER120 | pgla_01K89CXFHJE50SZ48R1FX1HZZQ |  20.00 | 2025-10-23 20:42:10.35716+00 | 2025-10-23 20:42:10.35716+00
(1 row)

-- Once we get confirmation that that refund was sent, We can move the money
-- back to the user's external account (e.g. their credit/debit card). Often,
-- this confirmation will come as a webhook or bank file or similar, so we can
-- record the event time in the confirmation separately from the time we record
-- the ledger transfer (event_at vs created_at):
SELECT *
FROM
    pgledger_create_transfer(
        :'user1_pending_outbound_id',
        :'user1_external_id',
        20.00,
        event_at => '2025-07-21T12:45:54.123Z'
    );
               id                |         from_account_id         |          to_account_id          | amount |          created_at           |          event_at          
---------------------------------+---------------------------------+---------------------------------+--------+-------------------------------+----------------------------
 pglt_01K89CXFHNFNK849J5YMFRHD37 | pgla_01K89CXFHJE50SZ48R1FX1HZZQ | pgla_01K89CXFHGED5R6VMYPJNTWCPR |  20.00 | 2025-10-23 20:42:10.357712+00 | 2025-07-21 12:45:54.123+00
(1 row)

-- Now, we can query the current state. The external account has -$30 ($50
-- payment minus $20 refund) and our account for the user has $30. Nothing is
-- in flight, so the receivables and pending accounts are 0.
SELECT
    name,
    balance
FROM pgledger_accounts_view
WHERE id IN (:'user1_external_id',:'user1_receivables_id',:'user1_available_id',:'user1_pending_outbound_id');
          name          | balance 
------------------------+---------
 user1.external         |  -30.00
 user1.receivables      |    0.00
 user1.available        |   30.00
 user1.pending_outbound |    0.00
(4 rows)

-- Next, we can simulate an unexpected case. Let's say we initiate a payment
-- for $10 but we only receive $8 (e.g. due to unexpected fees):
SELECT * FROM pgledger_create_transfer(:'user1_external_id',:'user1_receivables_id', 10.00);
               id                |         from_account_id         |          to_account_id          | amount |          created_at           |           event_at            
---------------------------------+---------------------------------+---------------------------------+--------+-------------------------------+-------------------------------
 pglt_01K89CXFHPETEBVTPFNV7763W7 | pgla_01K89CXFHGED5R6VMYPJNTWCPR | pgla_01K89CXFHHEVKSCK7HM4J11PWM |  10.00 | 2025-10-23 20:42:10.358204+00 | 2025-10-23 20:42:10.358204+00
(1 row)

SELECT * FROM pgledger_create_transfer(:'user1_receivables_id',:'user1_available_id', 8.00);
               id                |         from_account_id         |          to_account_id          | amount |          created_at           |           event_at            
---------------------------------+---------------------------------+---------------------------------+--------+-------------------------------+-------------------------------
 pglt_01K89CXFHQE49813WGEXNEJBZB | pgla_01K89CXFHHEVKSCK7HM4J11PWM | pgla_01K89CXFHHFH08JK85NP4ER120 |   8.00 | 2025-10-23 20:42:10.358941+00 | 2025-10-23 20:42:10.358941+00
(1 row)

-- Now, we can see that our receivables balance is not $0 like we expect:
SELECT balance FROM pgledger_accounts_view
WHERE id =:'user1_receivables_id';
 balance 
---------
    2.00
(1 row)

-- And we can look at the entries to figure out what happened:
SELECT * FROM pgledger_entries_view
WHERE account_id =:'user1_receivables_id'
ORDER BY account_version;
               id                |           account_id            |           transfer_id           | amount | account_previous_balance | account_current_balance | account_version |          created_at           |           event_at            
---------------------------------+---------------------------------+---------------------------------+--------+--------------------------+-------------------------+-----------------+-------------------------------+-------------------------------
 pgle_01K89CXFHKFTJVV1TCCXCZ3T25 | pgla_01K89CXFHHEVKSCK7HM4J11PWM | pglt_01K89CXFHKERH8EZZ9T4HP1SMW |  50.00 |                     0.00 |                   50.00 |               1 | 2025-10-23 20:42:10.354472+00 | 2025-10-23 20:42:10.354472+00
 pgle_01K89CXFHMEX3AVA53KBC8WRMK | pgla_01K89CXFHHEVKSCK7HM4J11PWM | pglt_01K89CXFHMEQEVYR1FX252Q22H | -50.00 |                    50.00 |                    0.00 |               2 | 2025-10-23 20:42:10.356216+00 | 2025-10-23 20:42:10.356216+00
 pgle_01K89CXFHPF36TGVY3CFES470K | pgla_01K89CXFHHEVKSCK7HM4J11PWM | pglt_01K89CXFHPETEBVTPFNV7763W7 |  10.00 |                     0.00 |                   10.00 |               3 | 2025-10-23 20:42:10.358204+00 | 2025-10-23 20:42:10.358204+00
 pgle_01K89CXFHQE9N8H0SGNNJTNWG5 | pgla_01K89CXFHHEVKSCK7HM4J11PWM | pglt_01K89CXFHQE49813WGEXNEJBZB |  -8.00 |                    10.00 |                    2.00 |               4 | 2025-10-23 20:42:10.358941+00 | 2025-10-23 20:42:10.358941+00
(4 rows)

-- TESTING MULTIPLE TRANSFERS
SELECT * FROM pgledger_create_transfers(
    (:'user1_external_id',:'user1_receivables_id', 10.00),
    (:'user1_receivables_id',:'user1_available_id', 8.00)
);
               id                |         from_account_id         |          to_account_id          | amount |          created_at           |           event_at            
---------------------------------+---------------------------------+---------------------------------+--------+-------------------------------+-------------------------------
 pglt_01K89CXFHQFN09X07Z6YXC6X09 | pgla_01K89CXFHGED5R6VMYPJNTWCPR | pgla_01K89CXFHHEVKSCK7HM4J11PWM |  10.00 | 2025-10-23 20:42:10.359681+00 | 2025-10-23 20:42:10.359681+00
 pglt_01K89CXFHQFXYTTNCWD4WWWMH0 | pgla_01K89CXFHHEVKSCK7HM4J11PWM | pgla_01K89CXFHHFH08JK85NP4ER120 |   8.00 | 2025-10-23 20:42:10.359681+00 | 2025-10-23 20:42:10.359681+00
(2 rows)

SELECT * FROM pgledger_create_transfers(
    transfer_requests => array[
    (:'user1_external_id',:'user1_receivables_id', 10.00),
    (:'user1_receivables_id',:'user1_available_id', 8.00)
    ]::TRANSFER_REQUEST []
);
               id                |         from_account_id         |          to_account_id          | amount |          created_at           |           event_at            
---------------------------------+---------------------------------+---------------------------------+--------+-------------------------------+-------------------------------
 pglt_01K89CXFHREMQSYBYYWF72YS6S | pgla_01K89CXFHGED5R6VMYPJNTWCPR | pgla_01K89CXFHHEVKSCK7HM4J11PWM |  10.00 | 2025-10-23 20:42:10.360219+00 | 2025-10-23 20:42:10.360219+00
 pglt_01K89CXFHREWKTKG5QRKFMRGC5 | pgla_01K89CXFHHEVKSCK7HM4J11PWM | pgla_01K89CXFHHFH08JK85NP4ER120 |   8.00 | 2025-10-23 20:42:10.360219+00 | 2025-10-23 20:42:10.360219+00
(2 rows)

SELECT * FROM pgledger_create_transfers(
    transfer_requests => array[
    (:'user1_external_id',:'user1_receivables_id', 10.00),
    (:'user1_receivables_id',:'user1_available_id', 8.00)
    ]::TRANSFER_REQUEST [],
    event_at => '2025-01-01'
);
               id                |         from_account_id         |          to_account_id          | amount |         created_at          |        event_at        
---------------------------------+---------------------------------+---------------------------------+--------+-----------------------------+------------------------
 pglt_01K89CXFHRFK19ZFEQ2ASNPAKX | pgla_01K89CXFHGED5R6VMYPJNTWCPR | pgla_01K89CXFHHEVKSCK7HM4J11PWM |  10.00 | 2025-10-23 20:42:10.3607+00 | 2025-01-01 00:00:00+00
 pglt_01K89CXFHRFTDS0G5HA7EQ9ZQE | pgla_01K89CXFHHEVKSCK7HM4J11PWM | pgla_01K89CXFHHFH08JK85NP4ER120 |   8.00 | 2025-10-23 20:42:10.3607+00 | 2025-01-01 00:00:00+00
(2 rows)

SELECT * FROM pgledger_create_transfers(
    transfer_requests => array[
    (:'user1_external_id',:'user1_receivables_id', 10.00),
    (:'user1_receivables_id',:'user1_available_id', 8.00)
    ]::TRANSFER_REQUEST [],
    event_at => '2025-01-01',
    metadata => '{"a": "b"}'
);
               id                |         from_account_id         |          to_account_id          | amount |          created_at           |        event_at        
---------------------------------+---------------------------------+---------------------------------+--------+-------------------------------+------------------------
 pglt_01K89CXFHSEFAVVKB4038J751K | pgla_01K89CXFHGED5R6VMYPJNTWCPR | pgla_01K89CXFHHEVKSCK7HM4J11PWM |  10.00 | 2025-10-23 20:42:10.361139+00 | 2025-01-01 00:00:00+00
 pglt_01K89CXFHSEPSV9KQCJPQWKJKM | pgla_01K89CXFHHEVKSCK7HM4J11PWM | pgla_01K89CXFHHFH08JK85NP4ER120 |   8.00 | 2025-10-23 20:42:10.361139+00 | 2025-01-01 00:00:00+00
(2 rows)

